c:\users\danie\onedrive\desktop\startingtemplate\startingtemplate\x64\debug\vc143.pdb
c:\users\danie\onedrive\desktop\startingtemplate\startingtemplate\x64\debug\vc143.idb
c:\users\danie\onedrive\desktop\startingtemplate\startingtemplate\x64\debug\main.obj
c:\users\danie\onedrive\desktop\startingtemplate\startingtemplate\x64\debug\imgui_widgets.obj
c:\users\danie\onedrive\desktop\startingtemplate\startingtemplate\x64\debug\imgui_tables.obj
c:\users\danie\onedrive\desktop\startingtemplate\startingtemplate\x64\debug\imgui_impl_opengl3.obj
c:\users\danie\onedrive\desktop\startingtemplate\startingtemplate\x64\debug\imgui_impl_glfw.obj
c:\users\danie\onedrive\desktop\startingtemplate\startingtemplate\x64\debug\imgui_draw.obj
c:\users\danie\onedrive\desktop\startingtemplate\startingtemplate\x64\debug\imgui_demo.obj
c:\users\danie\onedrive\desktop\startingtemplate\startingtemplate\x64\debug\imgui.obj
c:\users\danie\onedrive\desktop\startingtemplate\startingtemplate\x64\debug\fmodmanager.obj
c:\users\danie\onedrive\desktop\startingtemplate\startingtemplate\x64\debug\glad.obj
c:\users\danie\onedrive\desktop\startingtemplate\x64\debug\startingtemplate.exe
c:\users\danie\onedrive\desktop\startingtemplate\startingtemplate\x64\debug\startingtemplate.ilk
c:\users\danie\onedrive\desktop\startingtemplate\x64\debug\startingtemplate.pdb
c:\users\danie\onedrive\desktop\startingtemplate\startingtemplate\x64\debug\startingtemplate.tlog\cl.command.1.tlog
c:\users\danie\onedrive\desktop\startingtemplate\startingtemplate\x64\debug\startingtemplate.tlog\cl.read.1.tlog
c:\users\danie\onedrive\desktop\startingtemplate\startingtemplate\x64\debug\startingtemplate.tlog\cl.write.1.tlog
c:\users\danie\onedrive\desktop\startingtemplate\startingtemplate\x64\debug\startingtemplate.tlog\link.command.1.tlog
c:\users\danie\onedrive\desktop\startingtemplate\startingtemplate\x64\debug\startingtemplate.tlog\link.read.1.tlog
c:\users\danie\onedrive\desktop\startingtemplate\startingtemplate\x64\debug\startingtemplate.tlog\link.write.1.tlog
